running egg_info
writing ../build/ximu3_ros2/ximu3_ros2.egg-info/PKG-INFO
writing dependency_links to ../build/ximu3_ros2/ximu3_ros2.egg-info/dependency_links.txt
writing entry points to ../build/ximu3_ros2/ximu3_ros2.egg-info/entry_points.txt
deleting ../build/ximu3_ros2/ximu3_ros2.egg-info/requires.txt
writing top-level names to ../build/ximu3_ros2/ximu3_ros2.egg-info/top_level.txt
reading manifest file '../build/ximu3_ros2/ximu3_ros2.egg-info/SOURCES.txt'
writing manifest file '../build/ximu3_ros2/ximu3_ros2.egg-info/SOURCES.txt'
running build
running build_py
running install
/usr/lib/python3/dist-packages/setuptools/command/install.py:34: SetuptoolsDeprecationWarning: setup.py install is deprecated. Use build and pip and other standards-based tools.
  warnings.warn(
running install_lib
running install_data
running install_egg_info
removing '/home/bucky/Documents/repos/HardwareIndividual/x-IMU3-ros2/install/ximu3_ros2/lib/python3.10/site-packages/ximu3_ros2-0.0.0-py3.10.egg-info' (and everything under it)
Copying ../build/ximu3_ros2/ximu3_ros2.egg-info to /home/bucky/Documents/repos/HardwareIndividual/x-IMU3-ros2/install/ximu3_ros2/lib/python3.10/site-packages/ximu3_ros2-0.0.0-py3.10.egg-info
running install_scripts
Installing imu3 script to /home/bucky/Documents/repos/HardwareIndividual/x-IMU3-ros2/install/ximu3_ros2/lib/ximu3_ros2
writing list of installed files to '/home/bucky/Documents/repos/HardwareIndividual/x-IMU3-ros2/build/ximu3_ros2/install.log'
