[0.457s] Invoking command in '/home/bucky/Documents/repos/HardwareIndividual/x-IMU3-ros2/src': PYTHONPATH=/home/bucky/Documents/repos/HardwareIndividual/x-IMU3-ros2/build/ximu3_ros2/prefix_override:/home/bucky/Documents/repos/HardwareIndividual/x-IMU3-ros2/install/ximu3_ros2/lib/python3.10/site-packages:${PYTHONPATH} /usr/bin/python3 setup.py egg_info --egg-base ../build/ximu3_ros2 build --build-base /home/bucky/Documents/repos/HardwareIndividual/x-IMU3-ros2/build/ximu3_ros2/build install --record /home/bucky/Documents/repos/HardwareIndividual/x-IMU3-ros2/build/ximu3_ros2/install.log --single-version-externally-managed
[0.591s] running egg_info
[0.591s] writing ../build/ximu3_ros2/ximu3_ros2.egg-info/PKG-INFO
[0.592s] writing dependency_links to ../build/ximu3_ros2/ximu3_ros2.egg-info/dependency_links.txt
[0.592s] writing entry points to ../build/ximu3_ros2/ximu3_ros2.egg-info/entry_points.txt
[0.592s] writing top-level names to ../build/ximu3_ros2/ximu3_ros2.egg-info/top_level.txt
[0.593s] reading manifest file '../build/ximu3_ros2/ximu3_ros2.egg-info/SOURCES.txt'
[0.593s] writing manifest file '../build/ximu3_ros2/ximu3_ros2.egg-info/SOURCES.txt'
[0.593s] running build
[0.593s] running build_py
[0.593s] running install
[0.593s] running install_lib
[0.594s] running install_data
[0.594s] running install_egg_info
[0.595s] removing '/home/bucky/Documents/repos/HardwareIndividual/x-IMU3-ros2/install/ximu3_ros2/lib/python3.10/site-packages/ximu3_ros2-0.0.0-py3.10.egg-info' (and everything under it)
[0.595s] Copying ../build/ximu3_ros2/ximu3_ros2.egg-info to /home/bucky/Documents/repos/HardwareIndividual/x-IMU3-ros2/install/ximu3_ros2/lib/python3.10/site-packages/ximu3_ros2-0.0.0-py3.10.egg-info
[0.596s] running install_scripts
[0.606s] Installing imu3 script to /home/bucky/Documents/repos/HardwareIndividual/x-IMU3-ros2/install/ximu3_ros2/lib/ximu3_ros2
[0.606s] writing list of installed files to '/home/bucky/Documents/repos/HardwareIndividual/x-IMU3-ros2/build/ximu3_ros2/install.log'
[0.619s] Invoked command in '/home/bucky/Documents/repos/HardwareIndividual/x-IMU3-ros2/src' returned '0': PYTHONPATH=/home/bucky/Documents/repos/HardwareIndividual/x-IMU3-ros2/build/ximu3_ros2/prefix_override:/home/bucky/Documents/repos/HardwareIndividual/x-IMU3-ros2/install/ximu3_ros2/lib/python3.10/site-packages:${PYTHONPATH} /usr/bin/python3 setup.py egg_info --egg-base ../build/ximu3_ros2 build --build-base /home/bucky/Documents/repos/HardwareIndividual/x-IMU3-ros2/build/ximu3_ros2/build install --record /home/bucky/Documents/repos/HardwareIndividual/x-IMU3-ros2/build/ximu3_ros2/install.log --single-version-externally-managed
