[0.518s] DEBUG:colcon:Command line arguments: ['/usr/bin/colcon', 'build', '--symlink-install']
[0.518s] DEBUG:colcon:Parsed command line arguments: Namespace(log_base=None, log_level=None, verb_name='build', build_base='build', install_base='install', merge_install=False, symlink_install=True, test_result_base=None, continue_on_error=False, executor='parallel', parallel_workers=24, event_handlers=None, ignore_user_meta=False, metas=['./colcon.meta'], base_paths=['.'], packages_ignore=None, packages_ignore_regex=None, paths=None, packages_up_to=None, packages_up_to_regex=None, packages_above=None, packages_above_and_dependencies=None, packages_above_depth=None, packages_select_by_dep=None, packages_skip_by_dep=None, packages_skip_up_to=None, packages_select_build_failed=False, packages_skip_build_finished=False, packages_select_test_failures=False, packages_skip_test_passed=False, packages_select=None, packages_skip=None, packages_select_regex=None, packages_skip_regex=None, packages_start=None, packages_end=None, allow_overriding=[], cmake_args=None, cmake_target=None, cmake_target_skip_unavailable=False, cmake_clean_cache=False, cmake_clean_first=False, cmake_force_configure=False, ament_cmake_args=None, catkin_cmake_args=None, catkin_skip_building_tests=False, verb_parser=<colcon_defaults.argument_parser.defaults.DefaultArgumentsDecorator object at 0x7f42e5b99870>, verb_extension=<colcon_core.verb.build.BuildVerb object at 0x7f42e5bdbe50>, main=<bound method BuildVerb.main of <colcon_core.verb.build.BuildVerb object at 0x7f42e5bdbe50>>)
[0.542s] Level 1:colcon.colcon_core.package_discovery:discover_packages(colcon_meta) check parameters
[0.542s] Level 1:colcon.colcon_core.package_discovery:discover_packages(recursive) check parameters
[0.542s] Level 1:colcon.colcon_core.package_discovery:discover_packages(ignore) check parameters
[0.542s] Level 1:colcon.colcon_core.package_discovery:discover_packages(path) check parameters
[0.542s] Level 1:colcon.colcon_core.package_discovery:discover_packages(colcon_meta) discover
[0.542s] Level 1:colcon.colcon_core.package_discovery:discover_packages(recursive) discover
[0.543s] INFO:colcon.colcon_core.package_discovery:Crawling recursively for packages in '/home/bucky/Documents/repos/HardwareIndividual/x-IMU3-ros2'
[0.543s] Level 1:colcon.colcon_core.package_identification:_identify(.) by extensions ['ignore', 'ignore_ament_install']
[0.543s] Level 1:colcon.colcon_core.package_identification:_identify(.) by extension 'ignore'
[0.543s] Level 1:colcon.colcon_core.package_identification:_identify(.) by extension 'ignore_ament_install'
[0.543s] Level 1:colcon.colcon_core.package_identification:_identify(.) by extensions ['colcon_pkg']
[0.543s] Level 1:colcon.colcon_core.package_identification:_identify(.) by extension 'colcon_pkg'
[0.543s] Level 1:colcon.colcon_core.package_identification:_identify(.) by extensions ['colcon_meta']
[0.543s] Level 1:colcon.colcon_core.package_identification:_identify(.) by extension 'colcon_meta'
[0.543s] Level 1:colcon.colcon_core.package_identification:_identify(.) by extensions ['ros']
[0.543s] Level 1:colcon.colcon_core.package_identification:_identify(.) by extension 'ros'
[0.548s] Level 1:colcon.colcon_core.package_identification:_identify(.) by extensions ['cmake', 'python']
[0.548s] Level 1:colcon.colcon_core.package_identification:_identify(.) by extension 'cmake'
[0.548s] Level 1:colcon.colcon_core.package_identification:_identify(.) by extension 'python'
[0.548s] Level 1:colcon.colcon_core.package_identification:_identify(.) by extensions ['python_setup_py']
[0.548s] Level 1:colcon.colcon_core.package_identification:_identify(.) by extension 'python_setup_py'
[0.548s] Level 1:colcon.colcon_core.package_identification:_identify(build) by extensions ['ignore', 'ignore_ament_install']
[0.548s] Level 1:colcon.colcon_core.package_identification:_identify(build) by extension 'ignore'
[0.548s] Level 1:colcon.colcon_core.package_identification:_identify(build) ignored
[0.549s] Level 1:colcon.colcon_core.package_identification:_identify(install) by extensions ['ignore', 'ignore_ament_install']
[0.549s] Level 1:colcon.colcon_core.package_identification:_identify(install) by extension 'ignore'
[0.549s] Level 1:colcon.colcon_core.package_identification:_identify(install) ignored
[0.549s] Level 1:colcon.colcon_core.package_identification:_identify(log) by extensions ['ignore', 'ignore_ament_install']
[0.549s] Level 1:colcon.colcon_core.package_identification:_identify(log) by extension 'ignore'
[0.549s] Level 1:colcon.colcon_core.package_identification:_identify(log) ignored
[0.549s] Level 1:colcon.colcon_core.package_identification:_identify(src) by extensions ['ignore', 'ignore_ament_install']
[0.549s] Level 1:colcon.colcon_core.package_identification:_identify(src) by extension 'ignore'
[0.549s] Level 1:colcon.colcon_core.package_identification:_identify(src) by extension 'ignore_ament_install'
[0.549s] Level 1:colcon.colcon_core.package_identification:_identify(src) by extensions ['colcon_pkg']
[0.549s] Level 1:colcon.colcon_core.package_identification:_identify(src) by extension 'colcon_pkg'
[0.549s] Level 1:colcon.colcon_core.package_identification:_identify(src) by extensions ['colcon_meta']
[0.549s] Level 1:colcon.colcon_core.package_identification:_identify(src) by extension 'colcon_meta'
[0.549s] Level 1:colcon.colcon_core.package_identification:_identify(src) by extensions ['ros']
[0.549s] Level 1:colcon.colcon_core.package_identification:_identify(src) by extension 'ros'
[0.550s] DEBUG:colcon.colcon_core.package_identification:Package 'src' with type 'ros.ament_python' and name 'ximu3_ros2'
[0.550s] Level 1:colcon.colcon_core.package_discovery:discover_packages(recursive) using defaults
[0.550s] Level 1:colcon.colcon_core.package_discovery:discover_packages(ignore) discover
[0.551s] Level 1:colcon.colcon_core.package_discovery:discover_packages(ignore) using defaults
[0.551s] Level 1:colcon.colcon_core.package_discovery:discover_packages(path) discover
[0.551s] Level 1:colcon.colcon_core.package_discovery:discover_packages(path) using defaults
[0.602s] Level 1:colcon.colcon_core.package_discovery:discover_packages(prefix_path) check parameters
[0.602s] Level 1:colcon.colcon_core.package_discovery:discover_packages(prefix_path) discover
[0.610s] WARNING:colcon.colcon_ros.prefix_path.catkin:The path '/opt/openrobots/bin' in the environment variable CMAKE_PREFIX_PATH doesn't exist
[0.610s] WARNING:colcon.colcon_ros.prefix_path.catkin:The path 'usr/local/lib' in the environment variable CMAKE_PREFIX_PATH doesn't exist
[0.610s] WARNING:colcon.colcon_ros.prefix_path.catkin:The path 'usr/local/include' in the environment variable CMAKE_PREFIX_PATH doesn't exist
[0.617s] DEBUG:colcon.colcon_installed_package_information.package_discovery:Found 1 installed packages in /home/bucky/Documents/repos/HardwareIndividual/x-IMU3-ros2/install
[0.625s] DEBUG:colcon.colcon_installed_package_information.package_discovery:Found 259 installed packages in /opt/ros/humble
[0.626s] Level 1:colcon.colcon_core.package_discovery:discover_packages(prefix_path) using defaults
[0.664s] Level 5:colcon.colcon_core.verb:set package 'ximu3_ros2' build argument 'cmake_args' from command line to 'None'
[0.664s] Level 5:colcon.colcon_core.verb:set package 'ximu3_ros2' build argument 'cmake_target' from command line to 'None'
[0.664s] Level 5:colcon.colcon_core.verb:set package 'ximu3_ros2' build argument 'cmake_target_skip_unavailable' from command line to 'False'
[0.664s] Level 5:colcon.colcon_core.verb:set package 'ximu3_ros2' build argument 'cmake_clean_cache' from command line to 'False'
[0.664s] Level 5:colcon.colcon_core.verb:set package 'ximu3_ros2' build argument 'cmake_clean_first' from command line to 'False'
[0.664s] Level 5:colcon.colcon_core.verb:set package 'ximu3_ros2' build argument 'cmake_force_configure' from command line to 'False'
[0.664s] Level 5:colcon.colcon_core.verb:set package 'ximu3_ros2' build argument 'ament_cmake_args' from command line to 'None'
[0.664s] Level 5:colcon.colcon_core.verb:set package 'ximu3_ros2' build argument 'catkin_cmake_args' from command line to 'None'
[0.664s] Level 5:colcon.colcon_core.verb:set package 'ximu3_ros2' build argument 'catkin_skip_building_tests' from command line to 'False'
[0.664s] DEBUG:colcon.colcon_core.verb:Building package 'ximu3_ros2' with the following arguments: {'ament_cmake_args': None, 'build_base': '/home/bucky/Documents/repos/HardwareIndividual/x-IMU3-ros2/build/ximu3_ros2', 'catkin_cmake_args': None, 'catkin_skip_building_tests': False, 'cmake_args': None, 'cmake_clean_cache': False, 'cmake_clean_first': False, 'cmake_force_configure': False, 'cmake_target': None, 'cmake_target_skip_unavailable': False, 'install_base': '/home/bucky/Documents/repos/HardwareIndividual/x-IMU3-ros2/install/ximu3_ros2', 'merge_install': False, 'path': '/home/bucky/Documents/repos/HardwareIndividual/x-IMU3-ros2/src', 'symlink_install': True, 'test_result_base': None}
[0.671s] INFO:colcon.colcon_core.executor:Executing jobs using 'parallel' executor
[0.679s] DEBUG:colcon.colcon_parallel_executor.executor.parallel:run_until_complete
[0.679s] INFO:colcon.colcon_ros.task.ament_python.build:Building ROS package in '/home/bucky/Documents/repos/HardwareIndividual/x-IMU3-ros2/src' with build type 'ament_python'
[0.679s] Level 1:colcon.colcon_core.shell:create_environment_hook('ximu3_ros2', 'ament_prefix_path')
[0.687s] INFO:colcon.colcon_core.plugin_system:Skipping extension 'colcon_core.shell.bat': Not used on non-Windows systems
[0.687s] INFO:colcon.colcon_core.shell:Creating environment hook '/home/bucky/Documents/repos/HardwareIndividual/x-IMU3-ros2/install/ximu3_ros2/share/ximu3_ros2/hook/ament_prefix_path.ps1'
[0.688s] INFO:colcon.colcon_core.shell:Creating environment descriptor '/home/bucky/Documents/repos/HardwareIndividual/x-IMU3-ros2/install/ximu3_ros2/share/ximu3_ros2/hook/ament_prefix_path.dsv'
[0.688s] INFO:colcon.colcon_core.shell:Creating environment hook '/home/bucky/Documents/repos/HardwareIndividual/x-IMU3-ros2/install/ximu3_ros2/share/ximu3_ros2/hook/ament_prefix_path.sh'
[0.695s] INFO:colcon.colcon_core.shell:Skip shell extension 'powershell' for command environment: Not usable outside of PowerShell
[0.696s] DEBUG:colcon.colcon_core.shell:Skip shell extension 'dsv' for command environment
[0.868s] INFO:colcon.colcon_core.task.python.build:Building Python package in '/home/bucky/Documents/repos/HardwareIndividual/x-IMU3-ros2/src'
[0.875s] INFO:colcon.colcon_core.shell:Skip shell extension 'powershell' for command environment: Not usable outside of PowerShell
[0.875s] DEBUG:colcon.colcon_core.shell:Skip shell extension 'dsv' for command environment
[1.142s] DEBUG:colcon.colcon_core.event_handler.log_command:Invoking command in '/home/bucky/Documents/repos/HardwareIndividual/x-IMU3-ros2/build/ximu3_ros2': PYTHONPATH=/home/bucky/Documents/repos/HardwareIndividual/x-IMU3-ros2/build/ximu3_ros2/prefix_override:/home/bucky/Documents/repos/HardwareIndividual/x-IMU3-ros2/install/ximu3_ros2/lib/python3.10/site-packages:${PYTHONPATH} /usr/bin/python3 setup.py develop --editable --build-directory /home/bucky/Documents/repos/HardwareIndividual/x-IMU3-ros2/build/ximu3_ros2/build --no-deps install_data
[1.416s] Level 1:colcon.colcon_core.shell:create_environment_hook('ximu3_ros2', 'pythonpath_develop')
[1.416s] DEBUG:colcon.colcon_core.event_handler.log_command:Invoked command in '/home/bucky/Documents/repos/HardwareIndividual/x-IMU3-ros2/build/ximu3_ros2' returned '0': PYTHONPATH=/home/bucky/Documents/repos/HardwareIndividual/x-IMU3-ros2/build/ximu3_ros2/prefix_override:/home/bucky/Documents/repos/HardwareIndividual/x-IMU3-ros2/install/ximu3_ros2/lib/python3.10/site-packages:${PYTHONPATH} /usr/bin/python3 setup.py develop --editable --build-directory /home/bucky/Documents/repos/HardwareIndividual/x-IMU3-ros2/build/ximu3_ros2/build --no-deps install_data
[1.425s] INFO:colcon.colcon_core.shell:Creating environment hook '/home/bucky/Documents/repos/HardwareIndividual/x-IMU3-ros2/build/ximu3_ros2/share/ximu3_ros2/hook/pythonpath_develop.ps1'
[1.425s] INFO:colcon.colcon_core.shell:Creating environment descriptor '/home/bucky/Documents/repos/HardwareIndividual/x-IMU3-ros2/build/ximu3_ros2/share/ximu3_ros2/hook/pythonpath_develop.dsv'
[1.425s] INFO:colcon.colcon_core.shell:Creating environment hook '/home/bucky/Documents/repos/HardwareIndividual/x-IMU3-ros2/build/ximu3_ros2/share/ximu3_ros2/hook/pythonpath_develop.sh'
[1.434s] Level 1:colcon.colcon_core.environment:checking '/home/bucky/Documents/repos/HardwareIndividual/x-IMU3-ros2/install/ximu3_ros2' for CMake module files
[1.434s] Level 1:colcon.colcon_core.environment:checking '/home/bucky/Documents/repos/HardwareIndividual/x-IMU3-ros2/install/ximu3_ros2' for CMake config files
[1.435s] Level 1:colcon.colcon_core.environment:checking '/home/bucky/Documents/repos/HardwareIndividual/x-IMU3-ros2/install/ximu3_ros2/lib'
[1.435s] Level 1:colcon.colcon_core.environment:checking '/home/bucky/Documents/repos/HardwareIndividual/x-IMU3-ros2/install/ximu3_ros2/bin'
[1.435s] Level 1:colcon.colcon_core.environment:checking '/home/bucky/Documents/repos/HardwareIndividual/x-IMU3-ros2/install/ximu3_ros2/lib/pkgconfig/ximu3_ros2.pc'
[1.435s] Level 1:colcon.colcon_core.environment:checking '/home/bucky/Documents/repos/HardwareIndividual/x-IMU3-ros2/install/ximu3_ros2/lib/python3.10/site-packages'
[1.435s] Level 1:colcon.colcon_core.shell:create_environment_hook('ximu3_ros2', 'pythonpath')
[1.443s] INFO:colcon.colcon_core.shell:Creating environment hook '/home/bucky/Documents/repos/HardwareIndividual/x-IMU3-ros2/install/ximu3_ros2/share/ximu3_ros2/hook/pythonpath.ps1'
[1.443s] INFO:colcon.colcon_core.shell:Creating environment descriptor '/home/bucky/Documents/repos/HardwareIndividual/x-IMU3-ros2/install/ximu3_ros2/share/ximu3_ros2/hook/pythonpath.dsv'
[1.443s] INFO:colcon.colcon_core.shell:Creating environment hook '/home/bucky/Documents/repos/HardwareIndividual/x-IMU3-ros2/install/ximu3_ros2/share/ximu3_ros2/hook/pythonpath.sh'
[1.443s] Level 1:colcon.colcon_core.environment:checking '/home/bucky/Documents/repos/HardwareIndividual/x-IMU3-ros2/install/ximu3_ros2/bin'
[1.443s] Level 1:colcon.colcon_core.environment:create_environment_scripts_only(ximu3_ros2)
[1.451s] INFO:colcon.colcon_core.shell:Creating package script '/home/bucky/Documents/repos/HardwareIndividual/x-IMU3-ros2/install/ximu3_ros2/share/ximu3_ros2/package.ps1'
[1.452s] INFO:colcon.colcon_core.shell:Creating package descriptor '/home/bucky/Documents/repos/HardwareIndividual/x-IMU3-ros2/install/ximu3_ros2/share/ximu3_ros2/package.dsv'
[1.452s] INFO:colcon.colcon_core.shell:Creating package script '/home/bucky/Documents/repos/HardwareIndividual/x-IMU3-ros2/install/ximu3_ros2/share/ximu3_ros2/package.sh'
[1.452s] INFO:colcon.colcon_core.shell:Creating package script '/home/bucky/Documents/repos/HardwareIndividual/x-IMU3-ros2/install/ximu3_ros2/share/ximu3_ros2/package.bash'
[1.453s] INFO:colcon.colcon_core.shell:Creating package script '/home/bucky/Documents/repos/HardwareIndividual/x-IMU3-ros2/install/ximu3_ros2/share/ximu3_ros2/package.zsh'
[1.453s] Level 1:colcon.colcon_core.environment:create_file_with_runtime_dependencies(/home/bucky/Documents/repos/HardwareIndividual/x-IMU3-ros2/install/ximu3_ros2/share/colcon-core/packages/ximu3_ros2)
[1.453s] DEBUG:colcon.colcon_parallel_executor.executor.parallel:closing loop
[1.453s] DEBUG:colcon.colcon_parallel_executor.executor.parallel:loop closed
[1.453s] DEBUG:colcon.colcon_parallel_executor.executor.parallel:run_until_complete finished with '0'
[1.453s] DEBUG:colcon.colcon_core.event_reactor:joining thread
[1.464s] INFO:colcon.colcon_core.plugin_system:Skipping extension 'colcon_notification.desktop_notification.terminal_notifier': Not used on non-Darwin systems
[1.464s] INFO:colcon.colcon_core.plugin_system:Skipping extension 'colcon_notification.desktop_notification.win32': Not used on non-Windows systems
[1.464s] INFO:colcon.colcon_notification.desktop_notification:Sending desktop notification using 'notify2'
[1.473s] DEBUG:colcon.colcon_core.event_reactor:joined thread
[1.481s] INFO:colcon.colcon_core.shell:Creating prefix script '/home/bucky/Documents/repos/HardwareIndividual/x-IMU3-ros2/install/local_setup.ps1'
[1.482s] INFO:colcon.colcon_core.shell:Creating prefix util module '/home/bucky/Documents/repos/HardwareIndividual/x-IMU3-ros2/install/_local_setup_util_ps1.py'
[1.482s] INFO:colcon.colcon_core.shell:Creating prefix chain script '/home/bucky/Documents/repos/HardwareIndividual/x-IMU3-ros2/install/setup.ps1'
[1.490s] INFO:colcon.colcon_core.shell:Creating prefix script '/home/bucky/Documents/repos/HardwareIndividual/x-IMU3-ros2/install/local_setup.sh'
[1.490s] INFO:colcon.colcon_core.shell:Creating prefix util module '/home/bucky/Documents/repos/HardwareIndividual/x-IMU3-ros2/install/_local_setup_util_sh.py'
[1.490s] INFO:colcon.colcon_core.shell:Creating prefix chain script '/home/bucky/Documents/repos/HardwareIndividual/x-IMU3-ros2/install/setup.sh'
[1.498s] INFO:colcon.colcon_core.shell:Creating prefix script '/home/bucky/Documents/repos/HardwareIndividual/x-IMU3-ros2/install/local_setup.bash'
[1.498s] INFO:colcon.colcon_core.shell:Creating prefix chain script '/home/bucky/Documents/repos/HardwareIndividual/x-IMU3-ros2/install/setup.bash'
[1.506s] INFO:colcon.colcon_core.shell:Creating prefix script '/home/bucky/Documents/repos/HardwareIndividual/x-IMU3-ros2/install/local_setup.zsh'
[1.507s] INFO:colcon.colcon_core.shell:Creating prefix chain script '/home/bucky/Documents/repos/HardwareIndividual/x-IMU3-ros2/install/setup.zsh'
